<?xml version="1.0" encoding="UTF-8"?>
<!-- Generated by org.testng.reporters.JUnitXMLReporter -->
<testsuite hostname="DESKTOP-Q6ON4L4" ignored="10" name="Default test" tests="1" failures="0" timestamp="25 Mar 2019 12:55:39 GMT" time="41.823" errors="0">
  <testcase name="FreeTrailFlow_Payment_invalidOtp" time="18.896" classname="registrationflows.FreeTrialFlow_AllCountries"/>
  <testcase name="FreeTrialFlow_InvalidCardExpiry" time="0.0" classname="registrationflows.FreeTrialFlow_AllCountries">
    <ignored/>
  </testcase> <!-- FreeTrialFlow_InvalidCardExpiry -->
  <testcase name="FreeTrailFlowSE_RegistrationPage_EmptyEmailPassword" time="0.0" classname="registrationflows.FreeTrialFlow_AllCountries">
    <ignored/>
  </testcase> <!-- FreeTrailFlowSE_RegistrationPage_EmptyEmailPassword -->
  <testcase name="FreeTrailFlowSE_wrongEmail" time="0.0" classname="registrationflows.FreeTrialFlow_AllCountries">
    <ignored/>
  </testcase> <!-- FreeTrailFlowSE_wrongEmail -->
  <testcase name="FreeTrailFlowSE_invalidCardNumber" time="0.0" classname="registrationflows.FreeTrialFlow_AllCountries">
    <ignored/>
  </testcase> <!-- FreeTrailFlowSE_invalidCardNumber -->
  <testcase name="FreeTrailFlow_Payment_emptyOtp" time="0.0" classname="registrationflows.FreeTrialFlow_AllCountries">
    <ignored/>
  </testcase> <!-- FreeTrailFlow_Payment_emptyOtp -->
  <testcase name="FreeTrailFlow_InvalidAccountNumber" time="0.0" classname="registrationflows.FreeTrialFlow_AllCountries">
    <ignored/>
  </testcase> <!-- FreeTrailFlow_InvalidAccountNumber -->
  <testcase name="FreeTrialFlow_SE" time="0.0" classname="registrationflows.FreeTrialFlow_AllCountries">
    <ignored/>
  </testcase> <!-- FreeTrialFlow_SE -->
  <testcase name="FreeTrailFlow_Registration_InvalidPassword" time="0.0" classname="registrationflows.FreeTrialFlow_AllCountries">
    <ignored/>
  </testcase> <!-- FreeTrailFlow_Registration_InvalidPassword -->
  <testcase name="FreeTrialFlow_InvalidCvv" time="0.0" classname="registrationflows.FreeTrialFlow_AllCountries">
    <ignored/>
  </testcase> <!-- FreeTrialFlow_InvalidCvv -->
  <testcase name="FreeTrialFlowSE_RegistrationPage_UncheckBox" time="0.0" classname="registrationflows.FreeTrialFlow_AllCountries">
    <ignored/>
  </testcase> <!-- FreeTrialFlowSE_RegistrationPage_UncheckBox -->
</testsuite> <!-- Default test -->
