<?xml version="1.0" encoding="UTF-8"?>
<!-- Generated by org.testng.reporters.JUnitXMLReporter -->
<testsuite hostname="DESKTOP-Q6ON4L4" ignored="0" name="Nextory" tests="20" failures="0" timestamp="25 Mar 2019 13:31:12 GMT" time="821.145" errors="0">
  <testcase name="FreeTrialFlow_SE" time="25.071" classname="registrationflows.FreeTrialFlow_AllCountries"/>
  <testcase name="FreeTrialFlow_SE" time="23.297" classname="registrationflows.FreeTrialFlow_AllCountries"/>
  <testcase name="FreeTrialFlow_SE" time="23.949" classname="registrationflows.FreeTrialFlow_AllCountries"/>
  <testcase name="FreeTrialFlow_SE" time="25.444" classname="registrationflows.FreeTrialFlow_AllCountries"/>
  <testcase name="FreeTrialFlow_SE" time="24.948" classname="registrationflows.FreeTrialFlow_AllCountries"/>
  <testcase name="FreeTrialFlow_SE" time="33.15" classname="registrationflows.FreeTrialFlow_AllCountries"/>
  <testcase name="FreeTrialFlow_SE" time="32.257" classname="registrationflows.FreeTrialFlow_AllCountries"/>
  <testcase name="FreeTrialFlow_SE" time="31.906" classname="registrationflows.FreeTrialFlow_AllCountries"/>
  <testcase name="FreeTrialFlow_SE" time="32.255" classname="registrationflows.FreeTrialFlow_AllCountries"/>
  <testcase name="FreeTrialFlow_SE" time="35.706" classname="registrationflows.FreeTrialFlow_AllCountries"/>
  <testcase name="FreeTrailFlowSE_RegistrationPage_EmptyEmailPassword" time="1.948" classname="registrationflows.FreeTrialFlow_AllCountries"/>
  <testcase name="FreeTrialFlowSE_RegistrationPage_UncheckBox" time="2.649" classname="registrationflows.FreeTrialFlow_AllCountries"/>
  <testcase name="FreeTrailFlowSE_wrongEmail" time="3.078" classname="registrationflows.FreeTrialFlow_AllCountries"/>
  <testcase name="FreeTrailFlow_Registration_InvalidPassword" time="2.949" classname="registrationflows.FreeTrialFlow_AllCountries"/>
  <testcase name="FreeTrailFlowSE_invalidCardNumber" time="9.996" classname="registrationflows.FreeTrialFlow_AllCountries"/>
  <testcase name="FreeTrialFlow_InvalidCardExpiry" time="10.215" classname="registrationflows.FreeTrialFlow_AllCountries"/>
  <testcase name="FreeTrialFlow_InvalidCvv" time="11.107" classname="registrationflows.FreeTrialFlow_AllCountries"/>
  <testcase name="FreeTrailFlow_InvalidAccountNumber" time="15.321" classname="registrationflows.FreeTrialFlow_AllCountries"/>
  <testcase name="FreeTrailFlow_Payment_emptyOtp" time="14.762" classname="registrationflows.FreeTrialFlow_AllCountries"/>
  <testcase name="FreeTrailFlow_Payment_invalidOtp" time="19.908" classname="registrationflows.FreeTrialFlow_AllCountries"/>
</testsuite> <!-- Nextory -->
