<?xml version="1.0" encoding="UTF-8"?>
<!-- Generated by org.testng.reporters.JUnitXMLReporter -->
<testsuite hostname="DESKTOP-QIGAD4B" ignored="0" name="Nextory" tests="20" failures="0" timestamp="30 Mar 2019 14:35:10 GMT" time="32.986" errors="0">
  <testcase name="@BeforeMethod initApplication" time="23.382" classname="common.SuperTestScript">
    <failure type="org.openqa.selenium.WebDriverException" message="java.net.ConnectException: Failed to connect to localhost/0:0:0:0:0:0:0:1:8251
Build info: version: &amp;apos;3.141.0&amp;apos;, revision: &amp;apos;2ecb7d9a&amp;apos;, time: &amp;apos;2018-10-31T20:09:30&amp;apos;
System info: host: &amp;apos;DESKTOP-QIGAD4B&amp;apos;, ip: &amp;apos;192.168.230.1&amp;apos;, os.name: &amp;apos;Windows 10&amp;apos;, os.arch: &amp;apos;amd64&amp;apos;, os.version: &amp;apos;10.0&amp;apos;, java.version: &amp;apos;1.8.0_191&amp;apos;
Driver info: driver.version: FirefoxDriver">
      <![CDATA[org.openqa.selenium.WebDriverException: java.net.ConnectException: Failed to connect to localhost/0:0:0:0:0:0:0:1:8251
Build info: version: '3.141.0', revision: '2ecb7d9a', time: '2018-10-31T20:09:30'
System info: host: 'DESKTOP-QIGAD4B', ip: '192.168.230.1', os.name: 'Windows 10', os.arch: 'amd64', os.version: '10.0', java.version: '1.8.0_191'
Driver info: driver.version: FirefoxDriver
	at org.openqa.selenium.remote.service.DriverCommandExecutor.execute(DriverCommandExecutor.java:92)
	at org.openqa.selenium.remote.RemoteWebDriver.execute(RemoteWebDriver.java:552)
	at org.openqa.selenium.remote.RemoteWebDriver.startSession(RemoteWebDriver.java:213)
	at org.openqa.selenium.remote.RemoteWebDriver.<init>(RemoteWebDriver.java:131)
	at org.openqa.selenium.firefox.FirefoxDriver.<init>(FirefoxDriver.java:147)
	at org.openqa.selenium.firefox.FirefoxDriver.<init>(FirefoxDriver.java:125)
	at common.SuperTestScript.initApplication(SuperTestScript.java:82)
Caused by: java.net.ConnectException: Failed to connect to localhost/0:0:0:0:0:0:0:1:8251
	at okhttp3.internal.connection.RealConnection.connectSocket(RealConnection.java:247)
	at okhttp3.internal.connection.RealConnection.connect(RealConnection.java:165)
	at okhttp3.internal.connection.StreamAllocation.findConnection(StreamAllocation.java:257)
	at okhttp3.internal.connection.StreamAllocation.findHealthyConnection(StreamAllocation.java:135)
	at okhttp3.internal.connection.StreamAllocation.newStream(StreamAllocation.java:114)
	at okhttp3.internal.connection.ConnectInterceptor.intercept(ConnectInterceptor.java:42)
	at okhttp3.internal.http.RealInterceptorChain.proceed(RealInterceptorChain.java:147)
	at okhttp3.internal.http.RealInterceptorChain.proceed(RealInterceptorChain.java:121)
	at okhttp3.internal.cache.CacheInterceptor.intercept(CacheInterceptor.java:93)
	at okhttp3.internal.http.RealInterceptorChain.proceed(RealInterceptorChain.java:147)
	at okhttp3.internal.http.RealInterceptorChain.proceed(RealInterceptorChain.java:121)
	at okhttp3.internal.http.BridgeInterceptor.intercept(BridgeInterceptor.java:93)
	at okhttp3.internal.http.RealInterceptorChain.proceed(RealInterceptorChain.java:147)
	at okhttp3.internal.http.RetryAndFollowUpInterceptor.intercept(RetryAndFollowUpInterceptor.java:126)
	at okhttp3.internal.http.RealInterceptorChain.proceed(RealInterceptorChain.java:147)
	at okhttp3.internal.http.RealInterceptorChain.proceed(RealInterceptorChain.java:121)
	at okhttp3.RealCall.getResponseWithInterceptorChain(RealCall.java:200)
	at okhttp3.RealCall.execute(RealCall.java:77)
	at org.openqa.selenium.remote.internal.OkHttpClient.execute(OkHttpClient.java:103)
	at org.openqa.selenium.remote.ProtocolHandshake.createSession(ProtocolHandshake.java:102)
	at org.openqa.selenium.remote.ProtocolHandshake.createSession(ProtocolHandshake.java:74)
	at org.openqa.selenium.remote.HttpCommandExecutor.execute(HttpCommandExecutor.java:136)
	at org.openqa.selenium.remote.service.DriverCommandExecutor.execute(DriverCommandExecutor.java:83)
	... 42 more
Caused by: java.net.ConnectException: Connection refused: connect
	at java.net.DualStackPlainSocketImpl.waitForConnect(Native Method)
	at java.net.DualStackPlainSocketImpl.socketConnect(DualStackPlainSocketImpl.java:85)
	at java.net.AbstractPlainSocketImpl.doConnect(AbstractPlainSocketImpl.java:350)
	at java.net.AbstractPlainSocketImpl.connectToAddress(AbstractPlainSocketImpl.java:206)
	at java.net.AbstractPlainSocketImpl.connect(AbstractPlainSocketImpl.java:188)
	at java.net.PlainSocketImpl.connect(PlainSocketImpl.java:172)
	at java.net.SocksSocketImpl.connect(SocksSocketImpl.java:392)
	at java.net.Socket.connect(Socket.java:589)
	at okhttp3.internal.platform.Platform.connectSocket(Platform.java:129)
	at okhttp3.internal.connection.RealConnection.connectSocket(RealConnection.java:245)
	... 64 more
... Removed 36 stack frames]]>
    </failure>
  </testcase> <!-- @BeforeMethod initApplication -->
  <testcase name="@BeforeMethod initApplication" time="0.0" classname="common.SuperTestScript">
    <skipped/>
  </testcase> <!-- @BeforeMethod initApplication -->
  <testcase name="@BeforeMethod initApplication" time="0.0" classname="common.SuperTestScript">
    <skipped/>
  </testcase> <!-- @BeforeMethod initApplication -->
  <testcase name="@BeforeMethod initApplication" time="0.0" classname="common.SuperTestScript">
    <skipped/>
  </testcase> <!-- @BeforeMethod initApplication -->
  <testcase name="@BeforeMethod initApplication" time="0.0" classname="common.SuperTestScript">
    <skipped/>
  </testcase> <!-- @BeforeMethod initApplication -->
  <testcase name="@BeforeMethod initApplication" time="0.0" classname="common.SuperTestScript">
    <skipped/>
  </testcase> <!-- @BeforeMethod initApplication -->
  <testcase name="@BeforeMethod initApplication" time="0.0" classname="common.SuperTestScript">
    <skipped/>
  </testcase> <!-- @BeforeMethod initApplication -->
  <testcase name="@BeforeMethod initApplication" time="0.0" classname="common.SuperTestScript">
    <skipped/>
  </testcase> <!-- @BeforeMethod initApplication -->
  <testcase name="@BeforeMethod initApplication" time="0.0" classname="common.SuperTestScript">
    <skipped/>
  </testcase> <!-- @BeforeMethod initApplication -->
  <testcase name="@BeforeMethod initApplication" time="0.0" classname="common.SuperTestScript">
    <skipped/>
  </testcase> <!-- @BeforeMethod initApplication -->
  <testcase name="@BeforeMethod initApplication" time="0.0" classname="common.SuperTestScript">
    <skipped/>
  </testcase> <!-- @BeforeMethod initApplication -->
  <testcase name="@BeforeMethod initApplication" time="0.0" classname="common.SuperTestScript">
    <skipped/>
  </testcase> <!-- @BeforeMethod initApplication -->
  <testcase name="@BeforeMethod initApplication" time="0.0" classname="common.SuperTestScript">
    <skipped/>
  </testcase> <!-- @BeforeMethod initApplication -->
  <testcase name="@BeforeMethod initApplication" time="0.0" classname="common.SuperTestScript">
    <skipped/>
  </testcase> <!-- @BeforeMethod initApplication -->
  <testcase name="@BeforeMethod initApplication" time="0.0" classname="common.SuperTestScript">
    <skipped/>
  </testcase> <!-- @BeforeMethod initApplication -->
  <testcase name="@BeforeMethod initApplication" time="0.0" classname="common.SuperTestScript">
    <skipped/>
  </testcase> <!-- @BeforeMethod initApplication -->
  <testcase name="@BeforeMethod initApplication" time="0.0" classname="common.SuperTestScript">
    <skipped/>
  </testcase> <!-- @BeforeMethod initApplication -->
  <testcase name="@BeforeMethod initApplication" time="0.0" classname="common.SuperTestScript">
    <skipped/>
  </testcase> <!-- @BeforeMethod initApplication -->
  <testcase name="@BeforeMethod initApplication" time="0.0" classname="common.SuperTestScript">
    <skipped/>
  </testcase> <!-- @BeforeMethod initApplication -->
  <testcase name="@BeforeMethod initApplication" time="0.0" classname="common.SuperTestScript">
    <skipped/>
  </testcase> <!-- @BeforeMethod initApplication -->
  <testcase name="@AfterTest closeBrowser" time="0.0" classname="common.SuperTestScript">
    <skipped/>
  </testcase> <!-- @AfterTest closeBrowser -->
  <testcase name="FreeTrialFlow_SE" time="0.0" classname="registrationflows.FreeTrialFlow_AllCountries">
    <skipped/>
  </testcase> <!-- FreeTrialFlow_SE -->
  <testcase name="FreeTrialFlow_SE" time="0.0" classname="registrationflows.FreeTrialFlow_AllCountries">
    <skipped/>
  </testcase> <!-- FreeTrialFlow_SE -->
  <testcase name="FreeTrialFlow_SE" time="0.0" classname="registrationflows.FreeTrialFlow_AllCountries">
    <skipped/>
  </testcase> <!-- FreeTrialFlow_SE -->
  <testcase name="FreeTrialFlow_SE" time="0.0" classname="registrationflows.FreeTrialFlow_AllCountries">
    <skipped/>
  </testcase> <!-- FreeTrialFlow_SE -->
  <testcase name="FreeTrialFlow_SE" time="0.0" classname="registrationflows.FreeTrialFlow_AllCountries">
    <skipped/>
  </testcase> <!-- FreeTrialFlow_SE -->
  <testcase name="FreeTrialFlow_SE" time="0.0" classname="registrationflows.FreeTrialFlow_AllCountries">
    <skipped/>
  </testcase> <!-- FreeTrialFlow_SE -->
  <testcase name="FreeTrialFlow_SE" time="0.0" classname="registrationflows.FreeTrialFlow_AllCountries">
    <skipped/>
  </testcase> <!-- FreeTrialFlow_SE -->
  <testcase name="FreeTrialFlow_SE" time="0.0" classname="registrationflows.FreeTrialFlow_AllCountries">
    <skipped/>
  </testcase> <!-- FreeTrialFlow_SE -->
  <testcase name="FreeTrialFlow_SE" time="0.0" classname="registrationflows.FreeTrialFlow_AllCountries">
    <skipped/>
  </testcase> <!-- FreeTrialFlow_SE -->
  <testcase name="FreeTrialFlow_SE" time="0.0" classname="registrationflows.FreeTrialFlow_AllCountries">
    <skipped/>
  </testcase> <!-- FreeTrialFlow_SE -->
  <testcase name="FreeTrailFlowSE_RegistrationPage_EmptyEmailPassword" time="0.0" classname="registrationflows.FreeTrialFlow_AllCountries">
    <skipped/>
  </testcase> <!-- FreeTrailFlowSE_RegistrationPage_EmptyEmailPassword -->
  <testcase name="FreeTrialFlowSE_RegistrationPage_UncheckBox" time="0.0" classname="registrationflows.FreeTrialFlow_AllCountries">
    <skipped/>
  </testcase> <!-- FreeTrialFlowSE_RegistrationPage_UncheckBox -->
  <testcase name="FreeTrailFlowSE_wrongEmail" time="0.0" classname="registrationflows.FreeTrialFlow_AllCountries">
    <skipped/>
  </testcase> <!-- FreeTrailFlowSE_wrongEmail -->
  <testcase name="FreeTrailFlow_Registration_InvalidPassword" time="0.0" classname="registrationflows.FreeTrialFlow_AllCountries">
    <skipped/>
  </testcase> <!-- FreeTrailFlow_Registration_InvalidPassword -->
  <testcase name="FreeTrailFlowSE_invalidCardNumber" time="0.0" classname="registrationflows.FreeTrialFlow_AllCountries">
    <skipped/>
  </testcase> <!-- FreeTrailFlowSE_invalidCardNumber -->
  <testcase name="FreeTrialFlow_InvalidCardExpiry" time="0.0" classname="registrationflows.FreeTrialFlow_AllCountries">
    <skipped/>
  </testcase> <!-- FreeTrialFlow_InvalidCardExpiry -->
  <testcase name="FreeTrialFlow_InvalidCvv" time="0.0" classname="registrationflows.FreeTrialFlow_AllCountries">
    <skipped/>
  </testcase> <!-- FreeTrialFlow_InvalidCvv -->
  <testcase name="FreeTrailFlow_InvalidAccountNumber" time="0.0" classname="registrationflows.FreeTrialFlow_AllCountries">
    <skipped/>
  </testcase> <!-- FreeTrailFlow_InvalidAccountNumber -->
  <testcase name="FreeTrailFlow_Payment_emptyOtp" time="0.0" classname="registrationflows.FreeTrialFlow_AllCountries">
    <skipped/>
  </testcase> <!-- FreeTrailFlow_Payment_emptyOtp -->
  <testcase name="FreeTrailFlow_Payment_invalidOtp" time="0.0" classname="registrationflows.FreeTrialFlow_AllCountries">
    <skipped/>
  </testcase> <!-- FreeTrailFlow_Payment_invalidOtp -->
</testsuite> <!-- Nextory -->
