<?xml version="1.0" encoding="UTF-8" ?>
<testsuite tests="42" failures="1" name="TestSuite" time="1,626.715" errors="0" skipped="41">
  <properties>
[...]
</properties>
  <testcase classname="registrationflows.FreeTrialFlow_AllCountries" name="initApplication" time="38.715">
    <failure message="java.net.ConnectException: Failed to connect to localhost/0:0:0:0:0:0:0:1:8251
Build info: version: &apos;3.141.0&apos;, revision: &apos;2ecb7d9a&apos;, time: &apos;2018-10-31T20:09:30&apos;
System info: host: &apos;DESKTOP-QIGAD4B&apos;, ip: &apos;192.168.230.1&apos;, os.name: &apos;Windows 10&apos;, os.arch: &apos;amd64&apos;, os.version: &apos;10.0&apos;, java.version: &apos;1.8.0_191&apos;
Driver info: driver.version: FirefoxDriver" type="org.openqa.selenium.WebDriverException">org.openqa.selenium.WebDriverException: java.net.ConnectException: Failed to connect to localhost/0:0:0:0:0:0:0:1:8251
Build info: version: &apos;3.141.0&apos;, revision: &apos;2ecb7d9a&apos;, time: &apos;2018-10-31T20:09:30&apos;
System info: host: &apos;DESKTOP-QIGAD4B&apos;, ip: &apos;192.168.230.1&apos;, os.name: &apos;Windows 10&apos;, os.arch: &apos;amd64&apos;, os.version: &apos;10.0&apos;, java.version: &apos;1.8.0_191&apos;
Driver info: driver.version: FirefoxDriver
	at org.openqa.selenium.remote.service.DriverCommandExecutor.execute(DriverCommandExecutor.java:92)
	at org.openqa.selenium.remote.RemoteWebDriver.execute(RemoteWebDriver.java:552)
	at org.openqa.selenium.remote.RemoteWebDriver.startSession(RemoteWebDriver.java:213)
	at org.openqa.selenium.remote.RemoteWebDriver.&lt;init&gt;(RemoteWebDriver.java:131)
	at org.openqa.selenium.firefox.FirefoxDriver.&lt;init&gt;(FirefoxDriver.java:147)
	at org.openqa.selenium.firefox.FirefoxDriver.&lt;init&gt;(FirefoxDriver.java:125)
	at common.SuperTestScript.initApplication(SuperTestScript.java:82)
	at sun.reflect.NativeMethodAccessorImpl.invoke0(Native Method)
	at sun.reflect.NativeMethodAccessorImpl.invoke(NativeMethodAccessorImpl.java:62)
	at sun.reflect.DelegatingMethodAccessorImpl.invoke(DelegatingMethodAccessorImpl.java:43)
	at java.lang.reflect.Method.invoke(Method.java:498)
	at org.testng.internal.MethodInvocationHelper.invokeMethod(MethodInvocationHelper.java:108)
	at org.testng.internal.Invoker.invokeConfigurationMethod(Invoker.java:523)
	at org.testng.internal.Invoker.invokeConfigurations(Invoker.java:224)
	at org.testng.internal.Invoker.invokeMethod(Invoker.java:599)
	at org.testng.internal.Invoker.invokeTestMethod(Invoker.java:869)
	at org.testng.internal.Invoker.invokeTestMethods(Invoker.java:1193)
	at org.testng.internal.TestMethodWorker.invokeTestMethods(TestMethodWorker.java:126)
	at org.testng.internal.TestMethodWorker.run(TestMethodWorker.java:109)
	at org.testng.TestRunner.privateRun(TestRunner.java:744)
	at org.testng.TestRunner.run(TestRunner.java:602)
	at org.testng.SuiteRunner.runTest(SuiteRunner.java:380)
	at org.testng.SuiteRunner.runSequentially(SuiteRunner.java:375)
	at org.testng.SuiteRunner.privateRun(SuiteRunner.java:340)
	at org.testng.SuiteRunner.run(SuiteRunner.java:289)
	at org.testng.SuiteRunnerWorker.runSuite(SuiteRunnerWorker.java:52)
	at org.testng.SuiteRunnerWorker.run(SuiteRunnerWorker.java:86)
	at org.testng.TestNG.runSuitesSequentially(TestNG.java:1301)
	at org.testng.TestNG.runSuitesLocally(TestNG.java:1226)
	at org.testng.TestNG.runSuites(TestNG.java:1144)
	at org.testng.TestNG.run(TestNG.java:1115)
	at org.apache.maven.surefire.testng.TestNGExecutor.run(TestNGExecutor.java:177)
	at org.apache.maven.surefire.testng.TestNGXmlTestSuite.execute(TestNGXmlTestSuite.java:92)
	at org.apache.maven.surefire.testng.TestNGProvider.invoke(TestNGProvider.java:105)
	at sun.reflect.NativeMethodAccessorImpl.invoke0(Native Method)
	at sun.reflect.NativeMethodAccessorImpl.invoke(NativeMethodAccessorImpl.java:62)
	at sun.reflect.DelegatingMethodAccessorImpl.invoke(DelegatingMethodAccessorImpl.java:43)
	at java.lang.reflect.Method.invoke(Method.java:498)
	at org.apache.maven.surefire.util.ReflectionUtils.invokeMethodWithArray(ReflectionUtils.java:189)
	at org.apache.maven.surefire.booter.ProviderFactory$ProviderProxy.invoke(ProviderFactory.java:165)
	at org.apache.maven.surefire.booter.ProviderFactory.invokeProvider(ProviderFactory.java:85)
	at org.apache.maven.surefire.booter.ForkedBooter.runSuitesInProcess(ForkedBooter.java:103)
	at org.apache.maven.surefire.booter.ForkedBooter.main(ForkedBooter.java:74)
Caused by: java.net.ConnectException: Failed to connect to localhost/0:0:0:0:0:0:0:1:8251
	at okhttp3.internal.connection.RealConnection.connectSocket(RealConnection.java:247)
	at okhttp3.internal.connection.RealConnection.connect(RealConnection.java:165)
	at okhttp3.internal.connection.StreamAllocation.findConnection(StreamAllocation.java:257)
	at okhttp3.internal.connection.StreamAllocation.findHealthyConnection(StreamAllocation.java:135)
	at okhttp3.internal.connection.StreamAllocation.newStream(StreamAllocation.java:114)
	at okhttp3.internal.connection.ConnectInterceptor.intercept(ConnectInterceptor.java:42)
	at okhttp3.internal.http.RealInterceptorChain.proceed(RealInterceptorChain.java:147)
	at okhttp3.internal.http.RealInterceptorChain.proceed(RealInterceptorChain.java:121)
	at okhttp3.internal.cache.CacheInterceptor.intercept(CacheInterceptor.java:93)
	at okhttp3.internal.http.RealInterceptorChain.proceed(RealInterceptorChain.java:147)
	at okhttp3.internal.http.RealInterceptorChain.proceed(RealInterceptorChain.java:121)
	at okhttp3.internal.http.BridgeInterceptor.intercept(BridgeInterceptor.java:93)
	at okhttp3.internal.http.RealInterceptorChain.proceed(RealInterceptorChain.java:147)
	at okhttp3.internal.http.RetryAndFollowUpInterceptor.intercept(RetryAndFollowUpInterceptor.java:126)
	at okhttp3.internal.http.RealInterceptorChain.proceed(RealInterceptorChain.java:147)
	at okhttp3.internal.http.RealInterceptorChain.proceed(RealInterceptorChain.java:121)
	at okhttp3.RealCall.getResponseWithInterceptorChain(RealCall.java:200)
	at okhttp3.RealCall.execute(RealCall.java:77)
	at org.openqa.selenium.remote.internal.OkHttpClient.execute(OkHttpClient.java:103)
	at org.openqa.selenium.remote.ProtocolHandshake.createSession(ProtocolHandshake.java:102)
	at org.openqa.selenium.remote.ProtocolHandshake.createSession(ProtocolHandshake.java:74)
	at org.openqa.selenium.remote.HttpCommandExecutor.execute(HttpCommandExecutor.java:136)
	at org.openqa.selenium.remote.service.DriverCommandExecutor.execute(DriverCommandExecutor.java:83)
	... 42 more
Caused by: java.net.ConnectException: Connection refused: connect
	at java.net.DualStackPlainSocketImpl.waitForConnect(Native Method)
	at java.net.DualStackPlainSocketImpl.socketConnect(DualStackPlainSocketImpl.java:85)
	at java.net.AbstractPlainSocketImpl.doConnect(AbstractPlainSocketImpl.java:350)
	at java.net.AbstractPlainSocketImpl.connectToAddress(AbstractPlainSocketImpl.java:206)
	at java.net.AbstractPlainSocketImpl.connect(AbstractPlainSocketImpl.java:188)
	at java.net.PlainSocketImpl.connect(PlainSocketImpl.java:172)
	at java.net.SocksSocketImpl.connect(SocksSocketImpl.java:392)
	at java.net.Socket.connect(Socket.java:589)
	at okhttp3.internal.platform.Platform.connectSocket(Platform.java:129)
	at okhttp3.internal.connection.RealConnection.connectSocket(RealConnection.java:245)
	... 64 more
Caused by: java.net.ConnectException: Failed to connect to localhost/0:0:0:0:0:0:0:1:8251
	at okhttp3.internal.connection.RealConnection.connectSocket(RealConnection.java:247)
	at okhttp3.internal.connection.RealConnection.connect(RealConnection.java:165)
	at okhttp3.internal.connection.StreamAllocation.findConnection(StreamAllocation.java:257)
	at okhttp3.internal.connection.StreamAllocation.findHealthyConnection(StreamAllocation.java:135)
	at okhttp3.internal.connection.StreamAllocation.newStream(StreamAllocation.java:114)
	at okhttp3.internal.connection.ConnectInterceptor.intercept(ConnectInterceptor.java:42)
	at okhttp3.internal.http.RealInterceptorChain.proceed(RealInterceptorChain.java:147)
	at okhttp3.internal.http.RealInterceptorChain.proceed(RealInterceptorChain.java:121)
	at okhttp3.internal.cache.CacheInterceptor.intercept(CacheInterceptor.java:93)
	at okhttp3.internal.http.RealInterceptorChain.proceed(RealInterceptorChain.java:147)
	at okhttp3.internal.http.RealInterceptorChain.proceed(RealInterceptorChain.java:121)
	at okhttp3.internal.http.BridgeInterceptor.intercept(BridgeInterceptor.java:93)
	at okhttp3.internal.http.RealInterceptorChain.proceed(RealInterceptorChain.java:147)
	at okhttp3.internal.http.RetryAndFollowUpInterceptor.intercept(RetryAndFollowUpInterceptor.java:126)
	at okhttp3.internal.http.RealInterceptorChain.proceed(RealInterceptorChain.java:147)
	at okhttp3.internal.http.RealInterceptorChain.proceed(RealInterceptorChain.java:121)
	at okhttp3.RealCall.getResponseWithInterceptorChain(RealCall.java:200)
	at okhttp3.RealCall.execute(RealCall.java:77)
	at org.openqa.selenium.remote.internal.OkHttpClient.execute(OkHttpClient.java:103)
	at org.openqa.selenium.remote.ProtocolHandshake.createSession(ProtocolHandshake.java:102)
	at org.openqa.selenium.remote.ProtocolHandshake.createSession(ProtocolHandshake.java:74)
	at org.openqa.selenium.remote.HttpCommandExecutor.execute(HttpCommandExecutor.java:136)
	at org.openqa.selenium.remote.service.DriverCommandExecutor.execute(DriverCommandExecutor.java:83)
	... 42 more
Caused by: java.net.ConnectException: Connection refused: connect
	at java.net.DualStackPlainSocketImpl.waitForConnect(Native Method)
	at java.net.DualStackPlainSocketImpl.socketConnect(DualStackPlainSocketImpl.java:85)
	at java.net.AbstractPlainSocketImpl.doConnect(AbstractPlainSocketImpl.java:350)
	at java.net.AbstractPlainSocketImpl.connectToAddress(AbstractPlainSocketImpl.java:206)
	at java.net.AbstractPlainSocketImpl.connect(AbstractPlainSocketImpl.java:188)
	at java.net.PlainSocketImpl.connect(PlainSocketImpl.java:172)
	at java.net.SocksSocketImpl.connect(SocksSocketImpl.java:392)
	at java.net.Socket.connect(Socket.java:589)
	at okhttp3.internal.platform.Platform.connectSocket(Platform.java:129)
	at okhttp3.internal.connection.RealConnection.connectSocket(RealConnection.java:245)
	... 64 more
</failure>
    <system-out>10
</system-out>
    <system-err>log4j:WARN No appenders could be found for logger (registrationflows.FreeTrialFlow_AllCountries).
log4j:WARN Please initialize the log4j system properly.
log4j:WARN See http://logging.apache.org/log4j/1.2/faq.html#noconfig for more info.
</system-err>
  </testcase>
  <testcase classname="registrationflows.FreeTrialFlow_AllCountries" name="FreeTrialFlow_SE" time="38.725">
    <skipped/>
  </testcase>
  <testcase classname="registrationflows.FreeTrialFlow_AllCountries" name="initApplication" time="38.725">
    <skipped/>
  </testcase>
  <testcase classname="registrationflows.FreeTrialFlow_AllCountries" name="FreeTrialFlow_SE" time="38.725">
    <skipped/>
  </testcase>
  <testcase classname="registrationflows.FreeTrialFlow_AllCountries" name="initApplication" time="38.725">
    <skipped/>
  </testcase>
  <testcase classname="registrationflows.FreeTrialFlow_AllCountries" name="FreeTrialFlow_SE" time="38.725">
    <skipped/>
  </testcase>
  <testcase classname="registrationflows.FreeTrialFlow_AllCountries" name="initApplication" time="38.725">
    <skipped/>
  </testcase>
  <testcase classname="registrationflows.FreeTrialFlow_AllCountries" name="FreeTrialFlow_SE" time="38.725">
    <skipped/>
  </testcase>
  <testcase classname="registrationflows.FreeTrialFlow_AllCountries" name="initApplication" time="38.725">
    <skipped/>
  </testcase>
  <testcase classname="registrationflows.FreeTrialFlow_AllCountries" name="FreeTrialFlow_SE" time="38.725">
    <skipped/>
  </testcase>
  <testcase classname="registrationflows.FreeTrialFlow_AllCountries" name="initApplication" time="38.725">
    <skipped/>
  </testcase>
  <testcase classname="registrationflows.FreeTrialFlow_AllCountries" name="FreeTrialFlow_SE" time="38.725">
    <skipped/>
  </testcase>
  <testcase classname="registrationflows.FreeTrialFlow_AllCountries" name="initApplication" time="38.725">
    <skipped/>
  </testcase>
  <testcase classname="registrationflows.FreeTrialFlow_AllCountries" name="FreeTrialFlow_SE" time="38.725">
    <skipped/>
  </testcase>
  <testcase classname="registrationflows.FreeTrialFlow_AllCountries" name="initApplication" time="38.725">
    <skipped/>
  </testcase>
  <testcase classname="registrationflows.FreeTrialFlow_AllCountries" name="FreeTrialFlow_SE" time="38.725">
    <skipped/>
  </testcase>
  <testcase classname="registrationflows.FreeTrialFlow_AllCountries" name="initApplication" time="38.725">
    <skipped/>
  </testcase>
  <testcase classname="registrationflows.FreeTrialFlow_AllCountries" name="FreeTrialFlow_SE" time="38.725">
    <skipped/>
  </testcase>
  <testcase classname="registrationflows.FreeTrialFlow_AllCountries" name="initApplication" time="38.725">
    <skipped/>
  </testcase>
  <testcase classname="registrationflows.FreeTrialFlow_AllCountries" name="FreeTrialFlow_SE" time="38.725">
    <skipped/>
  </testcase>
  <testcase classname="registrationflows.FreeTrialFlow_AllCountries" name="initApplication" time="38.73">
    <skipped/>
  </testcase>
  <testcase classname="registrationflows.FreeTrialFlow_AllCountries" name="FreeTrailFlowSE_RegistrationPage_EmptyEmailPassword" time="38.73">
    <skipped/>
  </testcase>
  <testcase classname="registrationflows.FreeTrialFlow_AllCountries" name="initApplication" time="38.73">
    <skipped/>
  </testcase>
  <testcase classname="registrationflows.FreeTrialFlow_AllCountries" name="FreeTrialFlowSE_RegistrationPage_UncheckBox" time="38.73">
    <skipped/>
  </testcase>
  <testcase classname="registrationflows.FreeTrialFlow_AllCountries" name="initApplication" time="38.73">
    <skipped/>
  </testcase>
  <testcase classname="registrationflows.FreeTrialFlow_AllCountries" name="FreeTrailFlowSE_wrongEmail" time="38.73">
    <skipped/>
  </testcase>
  <testcase classname="registrationflows.FreeTrialFlow_AllCountries" name="initApplication" time="38.73">
    <skipped/>
  </testcase>
  <testcase classname="registrationflows.FreeTrialFlow_AllCountries" name="FreeTrailFlow_Registration_InvalidPassword" time="38.735">
    <skipped/>
  </testcase>
  <testcase classname="registrationflows.FreeTrialFlow_AllCountries" name="initApplication" time="38.735">
    <skipped/>
  </testcase>
  <testcase classname="registrationflows.FreeTrialFlow_AllCountries" name="FreeTrailFlowSE_invalidCardNumber" time="38.735">
    <skipped/>
  </testcase>
  <testcase classname="registrationflows.FreeTrialFlow_AllCountries" name="initApplication" time="38.735">
    <skipped/>
  </testcase>
  <testcase classname="registrationflows.FreeTrialFlow_AllCountries" name="FreeTrialFlow_InvalidCardExpiry" time="38.735">
    <skipped/>
  </testcase>
  <testcase classname="registrationflows.FreeTrialFlow_AllCountries" name="initApplication" time="38.735">
    <skipped/>
  </testcase>
  <testcase classname="registrationflows.FreeTrialFlow_AllCountries" name="FreeTrialFlow_InvalidCvv" time="38.735">
    <skipped/>
  </testcase>
  <testcase classname="registrationflows.FreeTrialFlow_AllCountries" name="initApplication" time="38.735">
    <skipped/>
  </testcase>
  <testcase classname="registrationflows.FreeTrialFlow_AllCountries" name="FreeTrailFlow_InvalidAccountNumber" time="38.735">
    <skipped/>
  </testcase>
  <testcase classname="registrationflows.FreeTrialFlow_AllCountries" name="initApplication" time="38.735">
    <skipped/>
  </testcase>
  <testcase classname="registrationflows.FreeTrialFlow_AllCountries" name="FreeTrailFlow_Payment_emptyOtp" time="38.735">
    <skipped/>
  </testcase>
  <testcase classname="registrationflows.FreeTrialFlow_AllCountries" name="initApplication" time="38.735">
    <skipped/>
  </testcase>
  <testcase classname="registrationflows.FreeTrialFlow_AllCountries" name="FreeTrailFlow_Payment_invalidOtp" time="38.735">
    <skipped/>
  </testcase>
  <testcase classname="registrationflows.FreeTrialFlow_AllCountries" name="closeBrowser" time="38.735">
    <skipped/>
  </testcase>
  <testcase classname="registrationflows.FreeTrialFlow_AllCountries" name="closeFramework" time="38.825">
    <skipped/>
  </testcase>
</testsuite>